{
  "RSpec": {
    "coverage": {
      "/Users/huyphan/Mod_1/projects/battle_ship/lib/cell.rb": {
        "lines": [
          1,
          null,
          1,
          null,
          1,
          294,
          294,
          294,
          null,
          null,
          1,
          197,
          null,
          null,
          1,
          17,
          null,
          null,
          1,
          56,
          null,
          null,
          1,
          3,
          null,
          3,
          2,
          null,
          null,
          null,
          1,
          54,
          3,
          2,
          1,
          null,
          51,
          47,
          null,
          null,
          null
        ]
      },
      "/Users/huyphan/Mod_1/projects/battle_ship/lib/board.rb": {
        "lines": [
          1,
          null,
          null,
          1,
          1,
          1,
          null,
          18,
          null,
          null,
          null,
          null,
          null,
          null,
          null,
          null,
          null,
          null,
          null,
          null,
          null,
          null,
          null,
          null,
          null,
          null,
          1,
          153,
          null,
          null,
          1,
          60,
          148,
          null,
          60,
          null,
          null,
          1,
          185,
          110,
          null,
          null,
          1,
          36,
          25,
          null,
          null,
          1,
          50,
          null,
          null,
          1,
          164,
          102,
          null,
          null,
          1,
          42,
          28,
          null,
          null,
          1,
          44,
          null,
          null,
          1,
          null,
          5,
          5,
          14,
          null,
          null,
          null,
          null,
          1,
          54,
          140,
          null,
          null,
          null,
          1,
          3,
          null,
          1,
          null,
          null,
          null,
          null,
          null,
          2,
          null,
          null,
          null,
          null,
          null,
          null,
          null,
          null,
          null,
          null,
          null,
          null,
          null,
          null,
          null,
          null,
          null,
          null,
          null,
          null
        ]
      },
      "/Users/huyphan/Mod_1/projects/battle_ship/lib/ship.rb": {
        "lines": [
          1,
          1,
          1,
          35,
          35,
          35,
          null,
          null,
          1,
          7,
          null,
          null,
          1,
          7,
          null,
          null
        ]
      },
      "/Users/huyphan/Mod_1/projects/battle_ship/lib/game.rb": {
        "lines": [
          1,
          1,
          null,
          1,
          1,
          null,
          null,
          null,
          null,
          null,
          null,
          1,
          4,
          4,
          4,
          4,
          4,
          4,
          null,
          null,
          1,
          4,
          null,
          4,
          40,
          null,
          4,
          null,
          null,
          1,
          1,
          1,
          2,
          2,
          null,
          1,
          null,
          null,
          1,
          0,
          0,
          0,
          0,
          0,
          null,
          0,
          null,
          0,
          0,
          0,
          null,
          0,
          0,
          null,
          null,
          1,
          0,
          0,
          null,
          0,
          null,
          0,
          0,
          0,
          null,
          0,
          0,
          null,
          null,
          1,
          0,
          0,
          0,
          0,
          0,
          0,
          0,
          0,
          null,
          0,
          0,
          null,
          0,
          null,
          0,
          null,
          null,
          null,
          1,
          0,
          0,
          null,
          0,
          0,
          0,
          null,
          0,
          0,
          null,
          null,
          1,
          0,
          null,
          0,
          0,
          null,
          0,
          0,
          null,
          null,
          1,
          0,
          0,
          0,
          0,
          0,
          0,
          null,
          null,
          null,
          1,
          0,
          0,
          0,
          0,
          0,
          0,
          null,
          null,
          null,
          1,
          0,
          0,
          null,
          0,
          0,
          0,
          0,
          0,
          0,
          null,
          0,
          0,
          null,
          null,
          null
        ]
      },
      "/Users/huyphan/Mod_1/projects/battle_ship/spec/cell_spec.rb": {
        "lines": [
          1,
          null,
          1,
          6,
          4,
          2,
          null,
          1,
          1,
          null,
          null,
          1,
          1,
          1,
          1,
          null,
          null,
          1,
          1,
          1,
          1,
          null,
          null,
          1,
          1,
          1,
          1,
          1,
          1,
          null,
          null,
          1,
          1,
          1,
          1,
          1,
          1,
          1,
          1,
          1,
          1,
          1,
          1,
          1,
          1,
          null,
          null
        ]
      },
      "/Users/huyphan/Mod_1/projects/battle_ship/spec/game_spec.rb": {
        "lines": [
          1,
          null,
          null,
          1,
          null,
          5,
          null,
          1,
          1,
          null,
          null,
          1,
          1,
          1,
          1,
          1,
          1,
          1,
          null,
          null,
          1,
          1,
          1,
          null,
          1,
          1,
          null,
          null,
          1,
          1,
          1,
          null,
          null
        ]
      },
      "/Users/huyphan/Mod_1/projects/battle_ship/spec/ship_spec.rb": {
        "lines": [
          1,
          null,
          1,
          1,
          1,
          null,
          1,
          null,
          null,
          1,
          1,
          null,
          1,
          1,
          1,
          null,
          null,
          1,
          1,
          null,
          1,
          null,
          null,
          null,
          1,
          1,
          null,
          1,
          1,
          1,
          1,
          1,
          1,
          1,
          null,
          null,
          null
        ]
      }
    },
    "timestamp": 1670966849
  }
}
